1
2
2
3
3
3
4
4
4
4
4
4
4
4
3
3
3
1
1
3
3
3
4
4
4
4
3
3
3
2
2
3
3
3
4
4
4
4
9
9
9
9
9
9
9
9
9
8
8
8
8
8
8
8
8
12
12
12
12
12
12
12
12
12
12
12
12
7
7
7
7
7
7
7
10
10
10
10
10
10
10
10
10
10
12
12
12
12
12
12
12
12
12
12
12
12
9
9
9
9
9
9
9
9
9
9
9
9
9
9
9
9
9
9
1
2
2
2
2
2
2
2
2
4
4
4
4
2
2
2
2
5
5
5
5
5
4
4
4
4
2
2
3
3
3
2
2
4
4
4
4
3
3
3
3
3
3
2
2
2
2
2
2
2
2
1
2
2
1
1
1
2
2
1
1
3
3
3
1
1
1
3
3
3
1
1
1
2
2
1
2
2
1
2
2
2
2
1
2
2
1
1
2
2
1
4
4
4
4
2
2
2
2
1
3
3
3
1
2
2
1
1
2
2
1
3
3
3
1
1
2
2
2
2
2
2
1
1
2
2
1
2
2
2
2
2
2
1
1
2
2
1
1
2
2
1
3
3
3
1
1
Contours-->3
3
3
3
Contours-->2
2
2
Contours-->3
3
3
3
Contours-->1
1
Contours-->2
2
2
Contours-->1
1
Contours-->1
1
Contours-->3
3
3
3
Contours-->1
1
Contours-->1
1
Contours-->2
2
2
Contours-->1
1
Contours-->1
1
Contours-->2
2
2
Contours-->1
1
Contours-->3
3
3
3
Contours-->1
1
Contours-->2
2
2
Contours-->2
2
2
Contours-->2
2
2
Contours-->2
2
2
Contours-->1
1
Contours-->2
2
2
Contours-->2
2
2
Contours-->2
2
2
Contours-->7
7
7
7
7
7
7
7
Contours-->5
5
5
5
5
5
Contours-->6
6
6
6
6
6
6
Contours-->4
4
4
4
4
Contours-->3
3
3
3
Contours-->4
4
4
4
4
Contours-->2
2
2
Contours-->2
2
2
Contours-->1
1
Contours-->3
3
3
3
Contours-->3
3
3
3
Contours-->3
3
3
3
Contours-->2
2
2
Contours-->3
3
3
3
Contours-->2
2
2
Contours-->5
5
5
5
5
5
Contours-->4
4
4
4
4
Contours-->1
1
Contours-->2
2
2
Contours-->3
3
3
3
Contours-->3
3
3
3
Contours-->1
1
Contours-->4
4
4
4
4
Contours-->3
3
3
3
Contours-->3
3
3
3
Contours-->3
3
3
3
Contours-->4
4
4
4
4
Contours-->1
1
Contours-->2
2
2
Contours-->2
2
2
Contours-->2
2
2
Contours-->2
2
2
Contours-->4
4
4
4
4
Contours-->2
2
2
Contours-->2
2
2
Contours-->3
3
3
3
Contours-->3
3
3
3
Contours-->2
2
2
Contours-->2
2
2
Contours-->2
2
2
Contours-->3
3
3
3
Contours-->1
1
Contours-->1
1
Contours-->3
3
3
3
Contours-->6
6
6
6
6
6
6
Contours-->2
2
2
